[0412/135931.417:ERROR:process_memory_win.cc(73)] ReadMemory at 0x7ff768fc0000 of 64 bytes failed: Only part of a ReadProcessMemory or WriteProcessMemory request was completed. (0x12B)
[0412/135931.418:WARNING:pe_image_reader.cc(340)] could not read dos header from C:\Program Files (x86)\Google\Chrome\Application\chrome.exe
[0412/135931.418:ERROR:process_memory_win.cc(73)] ReadMemory at 0x7ff98e840000 of 64 bytes failed: Only part of a ReadProcessMemory or WriteProcessMemory request was completed. (0x12B)
[0412/135931.419:WARNING:pe_image_reader.cc(340)] could not read dos header from C:\WINDOWS\SYSTEM32\ntdll.dll
[0412/135931.419:ERROR:process_memory_win.cc(73)] ReadMemory at 0x7ff98d8c0000 of 64 bytes failed: Only part of a ReadProcessMemory or WriteProcessMemory request was completed. (0x12B)
[0412/135931.419:WARNING:pe_image_reader.cc(340)] could not read dos header from C:\WINDOWS\System32\KERNEL32.DLL
[0412/135931.419:ERROR:process_memory_win.cc(73)] ReadMemory at 0x7ff98c270000 of 64 bytes failed: Only part of a ReadProcessMemory or WriteProcessMemory request was completed. (0x12B)
[0412/135931.419:WARNING:pe_image_reader.cc(340)] could not read dos header from C:\WINDOWS\System32\KERNELBASE.dll
[0412/135931.419:ERROR:process_memory_win.cc(73)] ReadMemory at 0x7ff93a460000 of 64 bytes failed: Only part of a ReadProcessMemory or WriteProcessMemory request was completed. (0x12B)
[0412/135931.419:WARNING:pe_image_reader.cc(340)] could not read dos header from C:\Program Files (x86)\Google\Chrome\Application\80.0.3987.163\chrome_elf.dll
[0412/135931.419:ERROR:process_memory_win.cc(73)] ReadMemory at 0x7ff97eaa0000 of 64 bytes failed: Only part of a ReadProcessMemory or WriteProcessMemory request was completed. (0x12B)
[0412/135931.419:WARNING:pe_image_reader.cc(340)] could not read dos header from C:\WINDOWS\SYSTEM32\VERSION.dll
[0412/135931.419:ERROR:process_memory_win.cc(73)] ReadMemory at 0x7ff98e700000 of 64 bytes failed: Only part of a ReadProcessMemory or WriteProcessMemory request was completed. (0x12B)
[0412/135931.419:WARNING:pe_image_reader.cc(340)] could not read dos header from C:\WINDOWS\System32\msvcrt.dll
[0412/135931.419:ERROR:process_memory_win.cc(73)] ReadMemory at 0x7ff98c1f0000 of 64 bytes failed: Only part of a ReadProcessMemory or WriteProcessMemory request was completed. (0x12B)
[0412/135931.419:WARNING:pe_image_reader.cc(340)] could not read dos header from C:\WINDOWS\System32\bcryptPrimitives.dll
[0412/135931.419:ERROR:process_memory_win.cc(73)] ReadMemory at 0x7ff98d130000 of 64 bytes failed: Only part of a ReadProcessMemory or WriteProcessMemory request was completed. (0x12B)
[0412/135931.419:WARNING:pe_image_reader.cc(340)] could not read dos header from C:\WINDOWS\System32\ADVAPI32.dll
[0412/135931.419:ERROR:process_memory_win.cc(73)] ReadMemory at 0x7ff98daa0000 of 64 bytes failed: Only part of a ReadProcessMemory or WriteProcessMemory request was completed. (0x12B)
[0412/135931.419:WARNING:pe_image_reader.cc(340)] could not read dos header from C:\WINDOWS\System32\sechost.dll
[0412/135931.420:ERROR:process_memory_win.cc(73)] ReadMemory at 0x220c12f0000 of 64 bytes failed: Only part of a ReadProcessMemory or WriteProcessMemory request was completed. (0x12B)
[0412/135931.420:WARNING:pe_image_reader.cc(340)] could not read dos header from C:\WINDOWS\System32\RPCRT4.dll
[0412/135931.420:ERROR:process_memory_win.cc(73)] ReadMemory at 0x7ff9134c0000 of 64 bytes failed: Only part of a ReadProcessMemory or WriteProcessMemory request was completed. (0x12B)
[0412/135931.420:WARNING:pe_image_reader.cc(340)] could not read dos header from C:\Program Files (x86)\Google\Chrome\Application\80.0.3987.163\chrome.dll
[0412/135931.420:ERROR:process_memory_win.cc(73)] ReadMemory at 0x7ff98d1e0000 of 64 bytes failed: Only part of a ReadProcessMemory or WriteProcessMemory request was completed. (0x12B)
[0412/135931.420:WARNING:pe_image_reader.cc(340)] could not read dos header from C:\WINDOWS\System32\WS2_32.dll
[0412/135931.420:ERROR:process_memory_win.cc(73)] ReadMemory at 0x7ff98d300000 of 64 bytes failed: Only part of a ReadProcessMemory or WriteProcessMemory request was completed. (0x12B)
[0412/135931.420:WARNING:pe_image_reader.cc(340)] could not read dos header from C:\WINDOWS\System32\OLEAUT32.dll
[0412/135931.420:ERROR:process_memory_win.cc(73)] ReadMemory at 0x7ff98b7d0000 of 64 bytes failed: Only part of a ReadProcessMemory or WriteProcessMemory request was completed. (0x12B)
[0412/135931.420:WARNING:pe_image_reader.cc(340)] could not read dos header from C:\WINDOWS\System32\msvcp_win.dll
[0412/135931.420:ERROR:process_memory_win.cc(73)] ReadMemory at 0x7ff98c7d0000 of 64 bytes failed: Only part of a ReadProcessMemory or WriteProcessMemory request was completed. (0x12B)
[0412/135931.420:WARNING:pe_image_reader.cc(340)] could not read dos header from C:\WINDOWS\System32\ucrtbase.dll
[0412/135931.420:ERROR:process_memory_win.cc(73)] ReadMemory at 0x7ff98d410000 of 64 bytes failed: Only part of a ReadProcessMemory or WriteProcessMemory request was completed. (0x12B)
[0412/135931.420:WARNING:pe_image_reader.cc(340)] could not read dos header from C:\WINDOWS\System32\combase.dll
[0412/135931.420:ERROR:process_memory_win.cc(73)] ReadMemory at 0x7ff98c5d0000 of 64 bytes failed: Only part of a ReadProcessMemory or WriteProcessMemory request was completed. (0x12B)
[0412/135931.420:WARNING:pe_image_reader.cc(340)] could not read dos header from C:\WINDOWS\System32\WINTRUST.dll
[0412/135931.420:ERROR:process_memory_win.cc(73)] ReadMemory at 0x7ff98b760000 of 64 bytes failed: Only part of a ReadProcessMemory or WriteProcessMemory request was completed. (0x12B)
[0412/135931.420:WARNING:pe_image_reader.cc(340)] could not read dos header from C:\WINDOWS\System32\MSASN1.dll
[0412/135931.420:ERROR:process_memory_win.cc(73)] ReadMemory at 0x7ff98b920000 of 64 bytes failed: Only part of a ReadProcessMemory or WriteProcessMemory request was completed. (0x12B)
[0412/135931.420:WARNING:pe_image_reader.cc(340)] could not read dos header from C:\WINDOWS\System32\CRYPT32.dll
[0412/135931.420:ERROR:process_memory_win.cc(73)] ReadMemory at 0x7ff98ac80000 of 64 bytes failed: Only part of a ReadProcessMemory or WriteProcessMemory request was completed. (0x12B)
[0412/135931.420:WARNING:pe_image_reader.cc(340)] could not read dos header from C:\WINDOWS\SYSTEM32\IPHLPAPI.DLL
[0412/135931.420:ERROR:process_memory_win.cc(73)] ReadMemory at 0x7ff986090000 of 64 bytes failed: Only part of a ReadProcessMemory or WriteProcessMemory request was completed. (0x12B)
[0412/135931.420:WARNING:pe_image_reader.cc(340)] could not read dos header from C:\WINDOWS\SYSTEM32\WINMM.dll
[0412/135931.420:ERROR:process_memory_win.cc(73)] ReadMemory at 0x7ff972a70000 of 64 bytes failed: Only part of a ReadProcessMemory or WriteProcessMemory request was completed. (0x12B)
[0412/135931.421:WARNING:pe_image_reader.cc(340)] could not read dos header from C:\WINDOWS\SYSTEM32\Secur32.dll
[0412/135931.421:ERROR:process_memory_win.cc(73)] ReadMemory at 0x7ff98b5f0000 of 64 bytes failed: Only part of a ReadProcessMemory or WriteProcessMemory request was completed. (0x12B)
[0412/135931.421:WARNING:pe_image_reader.cc(340)] could not read dos header from C:\WINDOWS\SYSTEM32\USERENV.dll
[0412/135931.421:ERROR:process_memory_win.cc(73)] ReadMemory at 0x7ff98b7a0000 of 64 bytes failed: Only part of a ReadProcessMemory or WriteProcessMemory request was completed. (0x12B)
[0412/135931.421:WARNING:pe_image_reader.cc(340)] could not read dos header from C:\WINDOWS\System32\profapi.dll
[0412/135931.421:ERROR:process_memory_win.cc(73)] ReadMemory at 0x7ff9471f0000 of 64 bytes failed: Only part of a ReadProcessMemory or WriteProcessMemory request was completed. (0x12B)
[0412/135931.421:WARNING:pe_image_reader.cc(340)] could not read dos header from C:\WINDOWS\SYSTEM32\UIAutomationCore.DLL
[0412/135931.421:ERROR:process_memory_win.cc(73)] ReadMemory at 0x7ff9772b0000 of 64 bytes failed: Only part of a ReadProcessMemory or WriteProcessMemory request was completed. (0x12B)
[0412/135931.421:WARNING:pe_image_reader.cc(340)] could not read dos header from C:\WINDOWS\SYSTEM32\DWrite.dll
[0412/135931.421:ERROR:process_memory_win.cc(73)] ReadMemory at 0x7ff96ddf0000 of 64 bytes failed: Only part of a ReadProcessMemory or WriteProcessMemory request was completed. (0x12B)
[0412/135931.421:WARNING:pe_image_reader.cc(340)] could not read dos header from C:\WINDOWS\SYSTEM32\WINSPOOL.DRV
[0412/135931.421:ERROR:process_memory_win.cc(73)] ReadMemory at 0x7ff98b780000 of 64 bytes failed: Only part of a ReadProcessMemory or WriteProcessMemory request was completed. (0x12B)
[0412/135931.421:WARNING:pe_image_reader.cc(340)] could not read dos header from C:\WINDOWS\System32\kernel.appcore.dll
[0412/135931.421:ERROR:process_memory_win.cc(73)] ReadMemory at 0x7ff98b8f0000 of 64 bytes failed: Only part of a ReadProcessMemory or WriteProcessMemory request was completed. (0x12B)
[0412/135931.421:WARNING:pe_image_reader.cc(340)] could not read dos header from C:\WINDOWS\System32\bcrypt.dll
[0412/135931.421:ERROR:process_memory_win.cc(73)] ReadMemory at 0x7ff986d60000 of 64 bytes failed: Only part of a ReadProcessMemory or WriteProcessMemory request was completed. (0x12B)
[0412/135931.421:WARNING:pe_image_reader.cc(340)] could not read dos header from C:\WINDOWS\SYSTEM32\dbghelp.dll
[0412/135931.421:ERROR:process_memory_win.cc(73)] ReadMemory at 0x7ff97a7c0000 of 64 bytes failed: Only part of a ReadProcessMemory or WriteProcessMemory request was completed. (0x12B)
[0412/135931.421:WARNING:pe_image_reader.cc(340)] could not read dos header from C:\WINDOWS\SYSTEM32\WINHTTP.dll
[0412/135931.421:ERROR:process_memory_win.cc(73)] ReadMemory at 0x7ff9822f0000 of 64 bytes failed: Only part of a ReadProcessMemory or WriteProcessMemory request was completed. (0x12B)
[0412/135931.421:WARNING:pe_image_reader.cc(340)] could not read dos header from C:\WINDOWS\SYSTEM32\dhcpcsvc.DLL
[0412/135931.421:ERROR:process_memory_win.cc(73)] ReadMemory at 0x7ff98ce40000 of 64 bytes failed: Only part of a ReadProcessMemory or WriteProcessMemory request was completed. (0x12B)
[0412/135931.421:WARNING:pe_image_reader.cc(340)] could not read dos header from C:\WINDOWS\System32\NSI.dll
[0412/135931.421:ERROR:process_memory_win.cc(73)] ReadMemory at 0x7ff986060000 of 64 bytes failed: Only part of a ReadProcessMemory or WriteProcessMemory request was completed. (0x12B)
[0412/135931.422:WARNING:pe_image_reader.cc(340)] could not read dos header from C:\WINDOWS\SYSTEM32\WINMMBASE.dll
[0412/135931.422:ERROR:process_memory_win.cc(73)] ReadMemory at 0x7ff98b8a0000 of 64 bytes failed: Only part of a ReadProcessMemory or WriteProcessMemory request was completed. (0x12B)
[0412/135931.422:WARNING:pe_image_reader.cc(340)] could not read dos header from C:\WINDOWS\System32\cfgmgr32.dll
[0412/135931.422:ERROR:process_memory_win.cc(73)] ReadMemory at 0x7ff986190000 of 64 bytes failed: Only part of a ReadProcessMemory or WriteProcessMemory request was completed. (0x12B)
[0412/135931.422:WARNING:pe_image_reader.cc(340)] could not read dos header from C:\WINDOWS\SYSTEM32\PROPSYS.dll
[0412/135931.422:ERROR:process_memory_win.cc(73)] ReadMemory at 0x7ff98e650000 of 64 bytes failed: Only part of a ReadProcessMemory or WriteProcessMemory request was completed. (0x12B)
[0412/135931.422:WARNING:pe_image_reader.cc(340)] could not read dos header from C:\WINDOWS\System32\shcore.dll
[0412/135931.422:ERROR:process_memory_win.cc(73)] ReadMemory at 0x7ff98b620000 of 64 bytes failed: Only part of a ReadProcessMemory or WriteProcessMemory request was completed. (0x12B)
[0412/135931.422:WARNING:pe_image_reader.cc(340)] could not read dos header from C:\WINDOWS\SYSTEM32\SSPICLI.DLL
[0412/135931.422:ERROR:process_memory_win.cc(73)] ReadMemory at 0x7ff98b140000 of 64 bytes failed: Only part of a ReadProcessMemory or WriteProcessMemory request was completed. (0x12B)
[0412/135931.422:WARNING:pe_image_reader.cc(340)] could not read dos header from C:\WINDOWS\SYSTEM32\CRYPTBASE.DLL
[0412/135931.422:ERROR:process_memory_win.cc(73)] ReadMemory at 0x7ff768fc0000 of 64 bytes failed: Only part of a ReadProcessMemory or WriteProcessMemory request was completed. (0x12B)
[0412/135931.422:WARNING:pe_image_reader.cc(340)] could not read dos header from C:\Program Files (x86)\Google\Chrome\Application\chrome.exe
[0412/135931.422:ERROR:process_memory_win.cc(73)] ReadMemory at 0x7ff98e840000 of 64 bytes failed: Only part of a ReadProcessMemory or WriteProcessMemory request was completed. (0x12B)
[0412/135931.422:WARNING:pe_image_reader.cc(340)] could not read dos header from C:\WINDOWS\SYSTEM32\ntdll.dll
[0412/135931.422:ERROR:process_memory_win.cc(73)] ReadMemory at 0x7ff98d8c0000 of 64 bytes failed: Only part of a ReadProcessMemory or WriteProcessMemory request was completed. (0x12B)
[0412/135931.422:WARNING:pe_image_reader.cc(340)] could not read dos header from C:\WINDOWS\System32\KERNEL32.DLL
[0412/135931.422:ERROR:process_memory_win.cc(73)] ReadMemory at 0x7ff98c270000 of 64 bytes failed: Only part of a ReadProcessMemory or WriteProcessMemory request was completed. (0x12B)
[0412/135931.422:WARNING:pe_image_reader.cc(340)] could not read dos header from C:\WINDOWS\System32\KERNELBASE.dll
[0412/135931.422:ERROR:process_memory_win.cc(73)] ReadMemory at 0x7ff93a460000 of 64 bytes failed: Only part of a ReadProcessMemory or WriteProcessMemory request was completed. (0x12B)
[0412/135931.422:WARNING:pe_image_reader.cc(340)] could not read dos header from C:\Program Files (x86)\Google\Chrome\Application\80.0.3987.163\chrome_elf.dll
[0412/135931.422:ERROR:process_memory_win.cc(73)] ReadMemory at 0x7ff97eaa0000 of 64 bytes failed: Only part of a ReadProcessMemory or WriteProcessMemory request was completed. (0x12B)
[0412/135931.422:WARNING:pe_image_reader.cc(340)] could not read dos header from C:\WINDOWS\SYSTEM32\VERSION.dll
[0412/135931.422:ERROR:process_memory_win.cc(73)] ReadMemory at 0x7ff98e700000 of 64 bytes failed: Only part of a ReadProcessMemory or WriteProcessMemory request was completed. (0x12B)
[0412/135931.422:WARNING:pe_image_reader.cc(340)] could not read dos header from C:\WINDOWS\System32\msvcrt.dll
[0412/135931.422:ERROR:process_memory_win.cc(73)] ReadMemory at 0x7ff98c1f0000 of 64 bytes failed: Only part of a ReadProcessMemory or WriteProcessMemory request was completed. (0x12B)
[0412/135931.422:WARNING:pe_image_reader.cc(340)] could not read dos header from C:\WINDOWS\System32\bcryptPrimitives.dll
[0412/135931.422:ERROR:process_memory_win.cc(73)] ReadMemory at 0x7ff98d130000 of 64 bytes failed: Only part of a ReadProcessMemory or WriteProcessMemory request was completed. (0x12B)
[0412/135931.422:WARNING:pe_image_reader.cc(340)] could not read dos header from C:\WINDOWS\System32\ADVAPI32.dll
[0412/135931.422:ERROR:process_memory_win.cc(73)] ReadMemory at 0x7ff98daa0000 of 64 bytes failed: Only part of a ReadProcessMemory or WriteProcessMemory request was completed. (0x12B)
[0412/135931.422:WARNING:pe_image_reader.cc(340)] could not read dos header from C:\WINDOWS\System32\sechost.dll
[0412/135931.423:ERROR:process_memory_win.cc(73)] ReadMemory at 0x220c12f0000 of 64 bytes failed: Only part of a ReadProcessMemory or WriteProcessMemory request was completed. (0x12B)
[0412/135931.423:WARNING:pe_image_reader.cc(340)] could not read dos header from C:\WINDOWS\System32\RPCRT4.dll
[0412/135931.423:ERROR:process_memory_win.cc(73)] ReadMemory at 0x7ff9134c0000 of 64 bytes failed: Only part of a ReadProcessMemory or WriteProcessMemory request was completed. (0x12B)
[0412/135931.423:WARNING:pe_image_reader.cc(340)] could not read dos header from C:\Program Files (x86)\Google\Chrome\Application\80.0.3987.163\chrome.dll
[0412/135931.423:ERROR:process_memory_win.cc(73)] ReadMemory at 0x7ff98d1e0000 of 64 bytes failed: Only part of a ReadProcessMemory or WriteProcessMemory request was completed. (0x12B)
[0412/135931.423:WARNING:pe_image_reader.cc(340)] could not read dos header from C:\WINDOWS\System32\WS2_32.dll
[0412/135931.423:ERROR:process_memory_win.cc(73)] ReadMemory at 0x7ff98d300000 of 64 bytes failed: Only part of a ReadProcessMemory or WriteProcessMemory request was completed. (0x12B)
[0412/135931.423:WARNING:pe_image_reader.cc(340)] could not read dos header from C:\WINDOWS\System32\OLEAUT32.dll
[0412/135931.423:ERROR:process_memory_win.cc(73)] ReadMemory at 0x7ff98b7d0000 of 64 bytes failed: Only part of a ReadProcessMemory or WriteProcessMemory request was completed. (0x12B)
[0412/135931.423:WARNING:pe_image_reader.cc(340)] could not read dos header from C:\WINDOWS\System32\msvcp_win.dll
[0412/135931.423:ERROR:process_memory_win.cc(73)] ReadMemory at 0x7ff98c7d0000 of 64 bytes failed: Only part of a ReadProcessMemory or WriteProcessMemory request was completed. (0x12B)
[0412/135931.423:WARNING:pe_image_reader.cc(340)] could not read dos header from C:\WINDOWS\System32\ucrtbase.dll
[0412/135931.423:ERROR:process_memory_win.cc(73)] ReadMemory at 0x7ff98d410000 of 64 bytes failed: Only part of a ReadProcessMemory or WriteProcessMemory request was completed. (0x12B)
[0412/135931.423:WARNING:pe_image_reader.cc(340)] could not read dos header from C:\WINDOWS\System32\combase.dll
[0412/135931.423:ERROR:process_memory_win.cc(73)] ReadMemory at 0x7ff98c5d0000 of 64 bytes failed: Only part of a ReadProcessMemory or WriteProcessMemory request was completed. (0x12B)
[0412/135931.423:WARNING:pe_image_reader.cc(340)] could not read dos header from C:\WINDOWS\System32\WINTRUST.dll
[0412/135931.423:ERROR:process_memory_win.cc(73)] ReadMemory at 0x7ff98b760000 of 64 bytes failed: Only part of a ReadProcessMemory or WriteProcessMemory request was completed. (0x12B)
[0412/135931.423:WARNING:pe_image_reader.cc(340)] could not read dos header from C:\WINDOWS\System32\MSASN1.dll
[0412/135931.423:ERROR:process_memory_win.cc(73)] ReadMemory at 0x7ff98b920000 of 64 bytes failed: Only part of a ReadProcessMemory or WriteProcessMemory request was completed. (0x12B)
[0412/135931.423:WARNING:pe_image_reader.cc(340)] could not read dos header from C:\WINDOWS\System32\CRYPT32.dll
[0412/135931.423:ERROR:process_memory_win.cc(73)] ReadMemory at 0x7ff98ac80000 of 64 bytes failed: Only part of a ReadProcessMemory or WriteProcessMemory request was completed. (0x12B)
[0412/135931.423:WARNING:pe_image_reader.cc(340)] could not read dos header from C:\WINDOWS\SYSTEM32\IPHLPAPI.DLL
[0412/135931.423:ERROR:process_memory_win.cc(73)] ReadMemory at 0x7ff986090000 of 64 bytes failed: Only part of a ReadProcessMemory or WriteProcessMemory request was completed. (0x12B)
[0412/135931.423:WARNING:pe_image_reader.cc(340)] could not read dos header from C:\WINDOWS\SYSTEM32\WINMM.dll
[0412/135931.423:ERROR:process_memory_win.cc(73)] ReadMemory at 0x7ff972a70000 of 64 bytes failed: Only part of a ReadProcessMemory or WriteProcessMemory request was completed. (0x12B)
[0412/135931.423:WARNING:pe_image_reader.cc(340)] could not read dos header from C:\WINDOWS\SYSTEM32\Secur32.dll
[0412/135931.423:ERROR:process_memory_win.cc(73)] ReadMemory at 0x7ff98b5f0000 of 64 bytes failed: Only part of a ReadProcessMemory or WriteProcessMemory request was completed. (0x12B)
[0412/135931.423:WARNING:pe_image_reader.cc(340)] could not read dos header from C:\WINDOWS\SYSTEM32\USERENV.dll
[0412/135931.423:ERROR:process_memory_win.cc(73)] ReadMemory at 0x7ff98b7a0000 of 64 bytes failed: Only part of a ReadProcessMemory or WriteProcessMemory request was completed. (0x12B)
[0412/135931.423:WARNING:pe_image_reader.cc(340)] could not read dos header from C:\WINDOWS\System32\profapi.dll
[0412/135931.423:ERROR:process_memory_win.cc(73)] ReadMemory at 0x7ff9471f0000 of 64 bytes failed: Only part of a ReadProcessMemory or WriteProcessMemory request was completed. (0x12B)
[0412/135931.423:WARNING:pe_image_reader.cc(340)] could not read dos header from C:\WINDOWS\SYSTEM32\UIAutomationCore.DLL
[0412/135931.423:ERROR:process_memory_win.cc(73)] ReadMemory at 0x7ff9772b0000 of 64 bytes failed: Only part of a ReadProcessMemory or WriteProcessMemory request was completed. (0x12B)
[0412/135931.424:WARNING:pe_image_reader.cc(340)] could not read dos header from C:\WINDOWS\SYSTEM32\DWrite.dll
[0412/135931.424:ERROR:process_memory_win.cc(73)] ReadMemory at 0x7ff96ddf0000 of 64 bytes failed: Only part of a ReadProcessMemory or WriteProcessMemory request was completed. (0x12B)
[0412/135931.424:WARNING:pe_image_reader.cc(340)] could not read dos header from C:\WINDOWS\SYSTEM32\WINSPOOL.DRV
[0412/135931.424:ERROR:process_memory_win.cc(73)] ReadMemory at 0x7ff98b780000 of 64 bytes failed: Only part of a ReadProcessMemory or WriteProcessMemory request was completed. (0x12B)
[0412/135931.424:WARNING:pe_image_reader.cc(340)] could not read dos header from C:\WINDOWS\System32\kernel.appcore.dll
[0412/135931.424:ERROR:process_memory_win.cc(73)] ReadMemory at 0x7ff98b8f0000 of 64 bytes failed: Only part of a ReadProcessMemory or WriteProcessMemory request was completed. (0x12B)
[0412/135931.424:WARNING:pe_image_reader.cc(340)] could not read dos header from C:\WINDOWS\System32\bcrypt.dll
[0412/135931.424:ERROR:process_memory_win.cc(73)] ReadMemory at 0x7ff986d60000 of 64 bytes failed: Only part of a ReadProcessMemory or WriteProcessMemory request was completed. (0x12B)
[0412/135931.424:WARNING:pe_image_reader.cc(340)] could not read dos header from C:\WINDOWS\SYSTEM32\dbghelp.dll
[0412/135931.424:ERROR:process_memory_win.cc(73)] ReadMemory at 0x7ff97a7c0000 of 64 bytes failed: Only part of a ReadProcessMemory or WriteProcessMemory request was completed. (0x12B)
[0412/135931.424:WARNING:pe_image_reader.cc(340)] could not read dos header from C:\WINDOWS\SYSTEM32\WINHTTP.dll
[0412/135931.424:ERROR:process_memory_win.cc(73)] ReadMemory at 0x7ff9822f0000 of 64 bytes failed: Only part of a ReadProcessMemory or WriteProcessMemory request was completed. (0x12B)
[0412/135931.424:WARNING:pe_image_reader.cc(340)] could not read dos header from C:\WINDOWS\SYSTEM32\dhcpcsvc.DLL
[0412/135931.424:ERROR:process_memory_win.cc(73)] ReadMemory at 0x7ff98ce40000 of 64 bytes failed: Only part of a ReadProcessMemory or WriteProcessMemory request was completed. (0x12B)
[0412/135931.424:WARNING:pe_image_reader.cc(340)] could not read dos header from C:\WINDOWS\System32\NSI.dll
[0412/135931.424:ERROR:process_memory_win.cc(73)] ReadMemory at 0x7ff986060000 of 64 bytes failed: Only part of a ReadProcessMemory or WriteProcessMemory request was completed. (0x12B)
[0412/135931.424:WARNING:pe_image_reader.cc(340)] could not read dos header from C:\WINDOWS\SYSTEM32\WINMMBASE.dll
[0412/135931.424:ERROR:process_memory_win.cc(73)] ReadMemory at 0x7ff98b8a0000 of 64 bytes failed: Only part of a ReadProcessMemory or WriteProcessMemory request was completed. (0x12B)
[0412/135931.424:WARNING:pe_image_reader.cc(340)] could not read dos header from C:\WINDOWS\System32\cfgmgr32.dll
[0412/135931.424:ERROR:process_memory_win.cc(73)] ReadMemory at 0x7ff986190000 of 64 bytes failed: Only part of a ReadProcessMemory or WriteProcessMemory request was completed. (0x12B)
[0412/135931.424:WARNING:pe_image_reader.cc(340)] could not read dos header from C:\WINDOWS\SYSTEM32\PROPSYS.dll
[0412/135931.424:ERROR:process_memory_win.cc(73)] ReadMemory at 0x7ff98e650000 of 64 bytes failed: Only part of a ReadProcessMemory or WriteProcessMemory request was completed. (0x12B)
[0412/135931.424:WARNING:pe_image_reader.cc(340)] could not read dos header from C:\WINDOWS\System32\shcore.dll
[0412/135931.424:ERROR:process_memory_win.cc(73)] ReadMemory at 0x7ff98b620000 of 64 bytes failed: Only part of a ReadProcessMemory or WriteProcessMemory request was completed. (0x12B)
[0412/135931.424:WARNING:pe_image_reader.cc(340)] could not read dos header from C:\WINDOWS\SYSTEM32\SSPICLI.DLL
[0412/135931.424:ERROR:process_memory_win.cc(73)] ReadMemory at 0x7ff98b140000 of 64 bytes failed: Only part of a ReadProcessMemory or WriteProcessMemory request was completed. (0x12B)
[0412/135931.424:WARNING:pe_image_reader.cc(340)] could not read dos header from C:\WINDOWS\SYSTEM32\CRYPTBASE.DLL
[0412/135931.437:ERROR:process_memory_win.cc(73)] ReadMemory at 0xf13ffed000 of 77824 bytes failed: Only part of a ReadProcessMemory or WriteProcessMemory request was completed. (0x12B)
[0412/135931.437:ERROR:process_memory_win.cc(73)] ReadMemory at 0xf1407fd000 of 12288 bytes failed: Only part of a ReadProcessMemory or WriteProcessMemory request was completed. (0x12B)
[0412/135931.437:ERROR:process_memory_win.cc(73)] ReadMemory at 0xf140ffc000 of 16384 bytes failed: Only part of a ReadProcessMemory or WriteProcessMemory request was completed. (0x12B)
[0412/135931.437:ERROR:process_memory_win.cc(73)] ReadMemory at 0xf1417fd000 of 12288 bytes failed: Only part of a ReadProcessMemory or WriteProcessMemory request was completed. (0x12B)
[0412/135931.437:ERROR:process_memory_win.cc(73)] ReadMemory at 0xf141ffc000 of 16384 bytes failed: Only part of a ReadProcessMemory or WriteProcessMemory request was completed. (0x12B)
[0412/135931.437:ERROR:process_memory_win.cc(73)] ReadMemory at 0xf1427fe000 of 8192 bytes failed: Only part of a ReadProcessMemory or WriteProcessMemory request was completed. (0x12B)
[0412/135931.437:ERROR:process_memory_win.cc(73)] ReadMemory at 0xf142ffd000 of 12288 bytes failed: Only part of a ReadProcessMemory or WriteProcessMemory request was completed. (0x12B)
[0412/135931.437:ERROR:process_memory_win.cc(73)] ReadMemory at 0xf1437fb000 of 20480 bytes failed: Only part of a ReadProcessMemory or WriteProcessMemory request was completed. (0x12B)
[0412/135931.437:ERROR:process_memory_win.cc(73)] ReadMemory at 0xf143ffd000 of 12288 bytes failed: Only part of a ReadProcessMemory or WriteProcessMemory request was completed. (0x12B)
[0412/135931.438:ERROR:process_memory_win.cc(73)] ReadMemory at 0xf1447fd000 of 12288 bytes failed: Only part of a ReadProcessMemory or WriteProcessMemory request was completed. (0x12B)
[0412/135931.438:ERROR:process_memory_win.cc(73)] ReadMemory at 0xf144ffd000 of 12288 bytes failed: Only part of a ReadProcessMemory or WriteProcessMemory request was completed. (0x12B)
[0412/135931.438:ERROR:process_memory_win.cc(73)] ReadMemory at 0xf1457fd000 of 12288 bytes failed: Only part of a ReadProcessMemory or WriteProcessMemory request was completed. (0x12B)
[0412/135931.438:ERROR:process_memory_win.cc(73)] ReadMemory at 0xf145ffd000 of 12288 bytes failed: Only part of a ReadProcessMemory or WriteProcessMemory request was completed. (0x12B)
[0412/135931.438:ERROR:process_memory_win.cc(73)] ReadMemory at 0xf1467fd000 of 12288 bytes failed: Only part of a ReadProcessMemory or WriteProcessMemory request was completed. (0x12B)
[0412/135931.438:ERROR:process_memory_win.cc(73)] ReadMemory at 0xf146ffd000 of 12288 bytes failed: Only part of a ReadProcessMemory or WriteProcessMemory request was completed. (0x12B)
[0412/135931.438:ERROR:process_memory_win.cc(73)] ReadMemory at 0xf1477fd000 of 12288 bytes failed: Only part of a ReadProcessMemory or WriteProcessMemory request was completed. (0x12B)
[0412/135931.438:ERROR:process_memory_win.cc(73)] ReadMemory at 0xf13f76f000 of 852 bytes failed: Only part of a ReadProcessMemory or WriteProcessMemory request was completed. (0x12B)
[0412/135931.438:ERROR:process_memory_win.cc(73)] ReadMemory at 0xf13f770000 of 6024 bytes failed: Only part of a ReadProcessMemory or WriteProcessMemory request was completed. (0x12B)
[0412/135931.438:ERROR:process_memory_win.cc(73)] ReadMemory at 0xf13f772000 of 6024 bytes failed: Only part of a ReadProcessMemory or WriteProcessMemory request was completed. (0x12B)
[0412/135931.439:ERROR:process_memory_win.cc(73)] ReadMemory at 0xf13f774000 of 6024 bytes failed: Only part of a ReadProcessMemory or WriteProcessMemory request was completed. (0x12B)
[0412/135931.439:ERROR:process_memory_win.cc(73)] ReadMemory at 0xf13f776000 of 6024 bytes failed: Only part of a ReadProcessMemory or WriteProcessMemory request was completed. (0x12B)
[0412/135931.439:ERROR:process_memory_win.cc(73)] ReadMemory at 0xf13f778000 of 6024 bytes failed: Only part of a ReadProcessMemory or WriteProcessMemory request was completed. (0x12B)
[0412/135931.439:ERROR:process_memory_win.cc(73)] ReadMemory at 0xf13f77a000 of 6024 bytes failed: Only part of a ReadProcessMemory or WriteProcessMemory request was completed. (0x12B)
[0412/135931.439:ERROR:process_memory_win.cc(73)] ReadMemory at 0xf13f77c000 of 6024 bytes failed: Only part of a ReadProcessMemory or WriteProcessMemory request was completed. (0x12B)
[0412/135931.439:ERROR:process_memory_win.cc(73)] ReadMemory at 0xf13f77e000 of 6024 bytes failed: Only part of a ReadProcessMemory or WriteProcessMemory request was completed. (0x12B)
[0412/135931.439:ERROR:process_memory_win.cc(73)] ReadMemory at 0xf13f780000 of 6024 bytes failed: Only part of a ReadProcessMemory or WriteProcessMemory request was completed. (0x12B)
[0412/135931.439:ERROR:process_memory_win.cc(73)] ReadMemory at 0xf13f782000 of 6024 bytes failed: Only part of a ReadProcessMemory or WriteProcessMemory request was completed. (0x12B)
[0412/135931.439:ERROR:process_memory_win.cc(73)] ReadMemory at 0xf13f784000 of 6024 bytes failed: Only part of a ReadProcessMemory or WriteProcessMemory request was completed. (0x12B)
[0412/135931.439:ERROR:process_memory_win.cc(73)] ReadMemory at 0xf13f786000 of 6024 bytes failed: Only part of a ReadProcessMemory or WriteProcessMemory request was completed. (0x12B)
[0412/135931.439:ERROR:process_memory_win.cc(73)] ReadMemory at 0xf13f788000 of 6024 bytes failed: Only part of a ReadProcessMemory or WriteProcessMemory request was completed. (0x12B)
[0412/135931.439:ERROR:process_memory_win.cc(73)] ReadMemory at 0xf13f78a000 of 6024 bytes failed: Only part of a ReadProcessMemory or WriteProcessMemory request was completed. (0x12B)
[0412/135931.439:ERROR:process_memory_win.cc(73)] ReadMemory at 0xf13f78c000 of 6024 bytes failed: Only part of a ReadProcessMemory or WriteProcessMemory request was completed. (0x12B)
[0412/135931.440:ERROR:process_memory_win.cc(73)] ReadMemory at 0xf13f78e000 of 6024 bytes failed: Only part of a ReadProcessMemory or WriteProcessMemory request was completed. (0x12B)
[0412/135931.440:ERROR:process_memory_win.cc(73)] ReadMemory at 0x220c1090750 of 80 bytes failed: Only part of a ReadProcessMemory or WriteProcessMemory request was completed. (0x12B)
[0412/135931.440:ERROR:process_memory_win.cc(73)] ReadMemory at 0x220c1090fe0 of 6174 bytes failed: Only part of a ReadProcessMemory or WriteProcessMemory request was completed. (0x12B)
[0412/135931.440:ERROR:process_memory_win.cc(73)] ReadMemory at 0x220c1092810 of 1012 bytes failed: Only part of a ReadProcessMemory or WriteProcessMemory request was completed. (0x12B)
[0412/135931.440:ERROR:process_memory_win.cc(73)] ReadMemory at 0x220c1092e58 of 118 bytes failed: Only part of a ReadProcessMemory or WriteProcessMemory request was completed. (0x12B)
[0412/135931.440:ERROR:process_memory_win.cc(73)] ReadMemory at 0x220c1092ed0 of 892 bytes failed: Only part of a ReadProcessMemory or WriteProcessMemory request was completed. (0x12B)
[0412/135931.440:ERROR:process_memory_win.cc(73)] ReadMemory at 0x220c109324e of 118 bytes failed: Only part of a ReadProcessMemory or WriteProcessMemory request was completed. (0x12B)
[0412/135931.440:ERROR:process_memory_win.cc(73)] ReadMemory at 0x220c10932c6 of 96 bytes failed: Only part of a ReadProcessMemory or WriteProcessMemory request was completed. (0x12B)
[0412/135931.440:ERROR:process_memory_win.cc(73)] ReadMemory at 0x220c1093340 of 58 bytes failed: Only part of a ReadProcessMemory or WriteProcessMemory request was completed. (0x12B)
[0412/135931.440:ERROR:process_memory_win.cc(73)] ReadMemory at 0x220c1093440 of 132 bytes failed: Only part of a ReadProcessMemory or WriteProcessMemory request was completed. (0x12B)
[0412/135931.440:ERROR:process_memory_win.cc(73)] ReadMemory at 0x220c10935d0 of 132 bytes failed: Only part of a ReadProcessMemory or WriteProcessMemory request was completed. (0x12B)
[0412/135931.440:ERROR:process_memory_win.cc(73)] ReadMemory at 0x220c1093790 of 126 bytes failed: Only part of a ReadProcessMemory or WriteProcessMemory request was completed. (0x12B)
[0412/135931.440:ERROR:process_memory_win.cc(73)] ReadMemory at 0x220c1093b70 of 132 bytes failed: Only part of a ReadProcessMemory or WriteProcessMemory request was completed. (0x12B)
[0412/135931.440:ERROR:process_memory_win.cc(73)] ReadMemory at 0x220c1093d00 of 64 bytes failed: Only part of a ReadProcessMemory or WriteProcessMemory request was completed. (0x12B)
[0412/135931.440:ERROR:process_memory_win.cc(73)] ReadMemory at 0x220c1093ec0 of 132 bytes failed: Only part of a ReadProcessMemory or WriteProcessMemory request was completed. (0x12B)
[0412/135931.440:ERROR:process_memory_win.cc(73)] ReadMemory at 0x220c1094160 of 132 bytes failed: Only part of a ReadProcessMemory or WriteProcessMemory request was completed. (0x12B)
[0412/135931.440:ERROR:process_memory_win.cc(73)] ReadMemory at 0x220c10942f0 of 68 bytes failed: Only part of a ReadProcessMemory or WriteProcessMemory request was completed. (0x12B)
[0412/135931.440:ERROR:process_memory_win.cc(73)] ReadMemory at 0x220c1095320 of 146 bytes failed: Only part of a ReadProcessMemory or WriteProcessMemory request was completed. (0x12B)
[0412/135931.440:ERROR:process_memory_win.cc(73)] ReadMemory at 0x220c1095400 of 132 bytes failed: Only part of a ReadProcessMemory or WriteProcessMemory request was completed. (0x12B)
[0412/135931.441:ERROR:process_memory_win.cc(73)] ReadMemory at 0x220c1095590 of 154 bytes failed: Only part of a ReadProcessMemory or WriteProcessMemory request was completed. (0x12B)
[0412/135931.441:ERROR:process_memory_win.cc(73)] ReadMemory at 0x220c10961b0 of 132 bytes failed: Only part of a ReadProcessMemory or WriteProcessMemory request was completed. (0x12B)
[0412/135931.441:ERROR:process_memory_win.cc(73)] ReadMemory at 0x220c1096470 of 132 bytes failed: Only part of a ReadProcessMemory or WriteProcessMemory request was completed. (0x12B)
[0412/135931.441:ERROR:process_memory_win.cc(73)] ReadMemory at 0x220c1096ee0 of 60 bytes failed: Only part of a ReadProcessMemory or WriteProcessMemory request was completed. (0x12B)
[0412/135931.441:ERROR:process_memory_win.cc(73)] ReadMemory at 0x220c1096f30 of 62 bytes failed: Only part of a ReadProcessMemory or WriteProcessMemory request was completed. (0x12B)
[0412/135931.441:ERROR:process_memory_win.cc(73)] ReadMemory at 0x220c1097530 of 132 bytes failed: Only part of a ReadProcessMemory or WriteProcessMemory request was completed. (0x12B)
[0412/135931.441:ERROR:process_memory_win.cc(73)] ReadMemory at 0x220c1098090 of 132 bytes failed: Only part of a ReadProcessMemory or WriteProcessMemory request was completed. (0x12B)
[0412/135931.441:ERROR:process_memory_win.cc(73)] ReadMemory at 0x220c109b080 of 62 bytes failed: Only part of a ReadProcessMemory or WriteProcessMemory request was completed. (0x12B)
[0412/135931.441:ERROR:process_memory_win.cc(73)] ReadMemory at 0x220c109b0d0 of 64 bytes failed: Only part of a ReadProcessMemory or WriteProcessMemory request was completed. (0x12B)
[0412/135931.441:ERROR:process_memory_win.cc(73)] ReadMemory at 0x220c109b120 of 60 bytes failed: Only part of a ReadProcessMemory or WriteProcessMemory request was completed. (0x12B)
[0412/135931.441:ERROR:process_memory_win.cc(73)] ReadMemory at 0x220c109b170 of 64 bytes failed: Only part of a ReadProcessMemory or WriteProcessMemory request was completed. (0x12B)
[0412/135931.441:ERROR:process_memory_win.cc(73)] ReadMemory at 0x220c109b3a0 of 64 bytes failed: Only part of a ReadProcessMemory or WriteProcessMemory request was completed. (0x12B)
[0412/135931.441:ERROR:process_memory_win.cc(73)] ReadMemory at 0x220c109b3f0 of 64 bytes failed: Only part of a ReadProcessMemory or WriteProcessMemory request was completed. (0x12B)
[0412/135931.441:ERROR:process_memory_win.cc(73)] ReadMemory at 0x220c109b4e0 of 60 bytes failed: Only part of a ReadProcessMemory or WriteProcessMemory request was completed. (0x12B)
[0412/135931.441:ERROR:process_memory_win.cc(73)] ReadMemory at 0x220c109b530 of 66 bytes failed: Only part of a ReadProcessMemory or WriteProcessMemory request was completed. (0x12B)
[0412/135931.441:ERROR:process_memory_win.cc(73)] ReadMemory at 0x220c109b620 of 62 bytes failed: Only part of a ReadProcessMemory or WriteProcessMemory request was completed. (0x12B)
[0412/135931.441:ERROR:process_memory_win.cc(73)] ReadMemory at 0x220c109bc20 of 80 bytes failed: Only part of a ReadProcessMemory or WriteProcessMemory request was completed. (0x12B)
[0412/135931.441:ERROR:process_memory_win.cc(73)] ReadMemory at 0x220c109be00 of 76 bytes failed: Only part of a ReadProcessMemory or WriteProcessMemory request was completed. (0x12B)
[0412/135931.441:ERROR:process_memory_win.cc(73)] ReadMemory at 0x220c109c7b0 of 58 bytes failed: Only part of a ReadProcessMemory or WriteProcessMemory request was completed. (0x12B)
[0412/135931.441:ERROR:process_memory_win.cc(73)] ReadMemory at 0x220c109c850 of 60 bytes failed: Only part of a ReadProcessMemory or WriteProcessMemory request was completed. (0x12B)
[0412/135931.442:ERROR:process_memory_win.cc(73)] ReadMemory at 0x220c109c8f0 of 60 bytes failed: Only part of a ReadProcessMemory or WriteProcessMemory request was completed. (0x12B)
[0412/135931.442:ERROR:process_memory_win.cc(73)] ReadMemory at 0x220c109cb20 of 60 bytes failed: Only part of a ReadProcessMemory or WriteProcessMemory request was completed. (0x12B)
[0412/135931.442:ERROR:process_memory_win.cc(73)] ReadMemory at 0x220c109cb70 of 66 bytes failed: Only part of a ReadProcessMemory or WriteProcessMemory request was completed. (0x12B)
[0412/135931.442:ERROR:process_memory_win.cc(73)] ReadMemory at 0x220c109cc10 of 60 bytes failed: Only part of a ReadProcessMemory or WriteProcessMemory request was completed. (0x12B)
[0412/135931.442:ERROR:process_memory_win.cc(73)] ReadMemory at 0x220c109cd50 of 62 bytes failed: Only part of a ReadProcessMemory or WriteProcessMemory request was completed. (0x12B)
[0412/135931.442:ERROR:process_memory_win.cc(73)] ReadMemory at 0x220c109cdf0 of 62 bytes failed: Only part of a ReadProcessMemory or WriteProcessMemory request was completed. (0x12B)
[0412/135931.442:ERROR:process_memory_win.cc(73)] ReadMemory at 0x220c109ce40 of 64 bytes failed: Only part of a ReadProcessMemory or WriteProcessMemory request was completed. (0x12B)
[0412/135931.442:ERROR:process_memory_win.cc(73)] ReadMemory at 0x220c109ce90 of 62 bytes failed: Only part of a ReadProcessMemory or WriteProcessMemory request was completed. (0x12B)
[0412/135931.442:ERROR:process_memory_win.cc(73)] ReadMemory at 0x220c109cee0 of 64 bytes failed: Only part of a ReadProcessMemory or WriteProcessMemory request was completed. (0x12B)
[0412/135931.442:ERROR:process_memory_win.cc(73)] ReadMemory at 0x220c109cfd0 of 62 bytes failed: Only part of a ReadProcessMemory or WriteProcessMemory request was completed. (0x12B)
[0412/135931.442:ERROR:process_memory_win.cc(73)] ReadMemory at 0x220c109d020 of 62 bytes failed: Only part of a ReadProcessMemory or WriteProcessMemory request was completed. (0x12B)
[0412/135931.442:ERROR:process_memory_win.cc(73)] ReadMemory at 0x220c109d390 of 62 bytes failed: Only part of a ReadProcessMemory or WriteProcessMemory request was completed. (0x12B)
[0412/135931.442:ERROR:process_memory_win.cc(73)] ReadMemory at 0x220c109d520 of 62 bytes failed: Only part of a ReadProcessMemory or WriteProcessMemory request was completed. (0x12B)
[0412/135931.442:ERROR:process_memory_win.cc(73)] ReadMemory at 0x220c109d570 of 64 bytes failed: Only part of a ReadProcessMemory or WriteProcessMemory request was completed. (0x12B)
[0412/135931.442:ERROR:process_memory_win.cc(73)] ReadMemory at 0x220c109d5c0 of 62 bytes failed: Only part of a ReadProcessMemory or WriteProcessMemory request was completed. (0x12B)
[0412/135931.442:ERROR:process_memory_win.cc(73)] ReadMemory at 0x220c109d660 of 64 bytes failed: Only part of a ReadProcessMemory or WriteProcessMemory request was completed. (0x12B)
[0412/135931.442:ERROR:process_memory_win.cc(73)] ReadMemory at 0x220c109e020 of 132 bytes failed: Only part of a ReadProcessMemory or WriteProcessMemory request was completed. (0x12B)
[0412/135931.442:ERROR:process_memory_win.cc(73)] ReadMemory at 0x220c109eb20 of 54 bytes failed: Only part of a ReadProcessMemory or WriteProcessMemory request was completed. (0x12B)
[0412/135931.442:ERROR:process_memory_win.cc(73)] ReadMemory at 0x220c109fce0 of 132 bytes failed: Only part of a ReadProcessMemory or WriteProcessMemory request was completed. (0x12B)
[0412/135931.442:ERROR:process_memory_win.cc(73)] ReadMemory at 0x220c109ff00 of 132 bytes failed: Only part of a ReadProcessMemory or WriteProcessMemory request was completed. (0x12B)
[0412/135931.442:ERROR:process_memory_win.cc(73)] ReadMemory at 0x220c10a0260 of 132 bytes failed: Only part of a ReadProcessMemory or WriteProcessMemory request was completed. (0x12B)
[0412/135931.443:ERROR:process_memory_win.cc(73)] ReadMemory at 0x220c10a05c0 of 132 bytes failed: Only part of a ReadProcessMemory or WriteProcessMemory request was completed. (0x12B)
[0412/135931.443:ERROR:process_memory_win.cc(73)] ReadMemory at 0x220c10a06f0 of 132 bytes failed: Only part of a ReadProcessMemory or WriteProcessMemory request was completed. (0x12B)
[0412/135931.443:ERROR:process_memory_win.cc(73)] ReadMemory at 0x220c10a2c50 of 132 bytes failed: Only part of a ReadProcessMemory or WriteProcessMemory request was completed. (0x12B)
[0412/135931.443:ERROR:process_memory_win.cc(73)] ReadMemory at 0x220c10a4820 of 132 bytes failed: Only part of a ReadProcessMemory or WriteProcessMemory request was completed. (0x12B)
[0412/135931.443:ERROR:process_memory_win.cc(73)] ReadMemory at 0x220c10a4950 of 132 bytes failed: Only part of a ReadProcessMemory or WriteProcessMemory request was completed. (0x12B)
[0412/135931.443:ERROR:process_memory_win.cc(73)] ReadMemory at 0x220c10a4a80 of 132 bytes failed: Only part of a ReadProcessMemory or WriteProcessMemory request was completed. (0x12B)
[0412/135931.443:ERROR:process_memory_win.cc(73)] ReadMemory at 0x220c10a4bb0 of 132 bytes failed: Only part of a ReadProcessMemory or WriteProcessMemory request was completed. (0x12B)
[0412/135931.443:ERROR:process_memory_win.cc(73)] ReadMemory at 0x220c10a4ce0 of 132 bytes failed: Only part of a ReadProcessMemory or WriteProcessMemory request was completed. (0x12B)
[0412/135931.443:ERROR:process_memory_win.cc(73)] ReadMemory at 0x220c10a4e10 of 132 bytes failed: Only part of a ReadProcessMemory or WriteProcessMemory request was completed. (0x12B)
[0412/135931.443:ERROR:process_memory_win.cc(73)] ReadMemory at 0x220c10a4f40 of 132 bytes failed: Only part of a ReadProcessMemory or WriteProcessMemory request was completed. (0x12B)
[0412/135931.443:ERROR:process_memory_win.cc(73)] ReadMemory at 0x220c10a51a0 of 132 bytes failed: Only part of a ReadProcessMemory or WriteProcessMemory request was completed. (0x12B)
[0412/135931.443:ERROR:process_memory_win.cc(73)] ReadMemory at 0x220c10a52d0 of 132 bytes failed: Only part of a ReadProcessMemory or WriteProcessMemory request was completed. (0x12B)
[0412/135931.443:ERROR:process_memory_win.cc(73)] ReadMemory at 0x220c10a5400 of 132 bytes failed: Only part of a ReadProcessMemory or WriteProcessMemory request was completed. (0x12B)
[0412/135931.443:ERROR:process_memory_win.cc(73)] ReadMemory at 0x220c10a5530 of 132 bytes failed: Only part of a ReadProcessMemory or WriteProcessMemory request was completed. (0x12B)
[0412/135931.443:ERROR:process_memory_win.cc(73)] ReadMemory at 0x220c10a5660 of 132 bytes failed: Only part of a ReadProcessMemory or WriteProcessMemory request was completed. (0x12B)
[0412/135931.443:ERROR:process_memory_win.cc(73)] ReadMemory at 0x220c10a6850 of 132 bytes failed: Only part of a ReadProcessMemory or WriteProcessMemory request was completed. (0x12B)
[0412/135931.443:ERROR:process_memory_win.cc(73)] ReadMemory at 0x220c10a6980 of 132 bytes failed: Only part of a ReadProcessMemory or WriteProcessMemory request was completed. (0x12B)
[0412/135931.443:ERROR:process_memory_win.cc(73)] ReadMemory at 0x220c10a6f70 of 132 bytes failed: Only part of a ReadProcessMemory or WriteProcessMemory request was completed. (0x12B)
[0412/135931.443:ERROR:process_memory_win.cc(73)] ReadMemory at 0x220c10a70a0 of 132 bytes failed: Only part of a ReadProcessMemory or WriteProcessMemory request was completed. (0x12B)
[0412/135931.443:ERROR:process_memory_win.cc(73)] ReadMemory at 0x220c10a71d0 of 132 bytes failed: Only part of a ReadProcessMemory or WriteProcessMemory request was completed. (0x12B)
[0412/135931.444:ERROR:process_memory_win.cc(73)] ReadMemory at 0x220c10a7300 of 132 bytes failed: Only part of a ReadProcessMemory or WriteProcessMemory request was completed. (0x12B)
[0412/135931.444:ERROR:process_memory_win.cc(73)] ReadMemory at 0x220c10a7430 of 132 bytes failed: Only part of a ReadProcessMemory or WriteProcessMemory request was completed. (0x12B)
[0412/135931.444:ERROR:process_memory_win.cc(73)] ReadMemory at 0x220c10a78f0 of 132 bytes failed: Only part of a ReadProcessMemory or WriteProcessMemory request was completed. (0x12B)
[0412/135931.444:ERROR:process_memory_win.cc(73)] ReadMemory at 0x220c10a7a20 of 132 bytes failed: Only part of a ReadProcessMemory or WriteProcessMemory request was completed. (0x12B)
[0412/135931.444:ERROR:process_memory_win.cc(73)] ReadMemory at 0x220c10a7c80 of 132 bytes failed: Only part of a ReadProcessMemory or WriteProcessMemory request was completed. (0x12B)
[0412/135931.444:ERROR:process_memory_win.cc(73)] ReadMemory at 0x220c10a9560 of 512 bytes failed: Only part of a ReadProcessMemory or WriteProcessMemory request was completed. (0x12B)
[0412/135931.444:ERROR:process_memory_win.cc(73)] ReadMemory at 0x220c10c1090 of 512 bytes failed: Only part of a ReadProcessMemory or WriteProcessMemory request was completed. (0x12B)
[0412/135931.444:ERROR:process_memory_win.cc(73)] ReadMemory at 0x220c1450c40 of 512 bytes failed: Only part of a ReadProcessMemory or WriteProcessMemory request was completed. (0x12B)
[0412/135931.444:ERROR:process_memory_win.cc(73)] ReadMemory at 0x220c1453dc0 of 512 bytes failed: Only part of a ReadProcessMemory or WriteProcessMemory request was completed. (0x12B)
[0412/135931.444:ERROR:process_memory_win.cc(73)] ReadMemory at 0x220c14cfa00 of 512 bytes failed: Only part of a ReadProcessMemory or WriteProcessMemory request was completed. (0x12B)
[0412/135931.444:ERROR:process_memory_win.cc(73)] ReadMemory at 0x220c14d0c20 of 512 bytes failed: Only part of a ReadProcessMemory or WriteProcessMemory request was completed. (0x12B)
[0412/135931.444:ERROR:process_memory_win.cc(73)] ReadMemory at 0x220c14d1d20 of 992 bytes failed: Only part of a ReadProcessMemory or WriteProcessMemory request was completed. (0x12B)
[0412/135931.444:ERROR:process_memory_win.cc(73)] ReadMemory at 0x220c14d3cb0 of 512 bytes failed: Only part of a ReadProcessMemory or WriteProcessMemory request was completed. (0x12B)
[0412/135931.444:ERROR:process_memory_win.cc(73)] ReadMemory at 0x220c14eb620 of 712 bytes failed: Only part of a ReadProcessMemory or WriteProcessMemory request was completed. (0x12B)
[0412/135931.444:ERROR:process_memory_win.cc(73)] ReadMemory at 0x220c14edfc0 of 512 bytes failed: Only part of a ReadProcessMemory or WriteProcessMemory request was completed. (0x12B)
[0412/135931.444:ERROR:process_memory_win.cc(73)] ReadMemory at 0x220c150d938 of 512 bytes failed: Only part of a ReadProcessMemory or WriteProcessMemory request was completed. (0x12B)
[0412/135931.444:ERROR:process_memory_win.cc(73)] ReadMemory at 0x220c150dd28 of 512 bytes failed: Only part of a ReadProcessMemory or WriteProcessMemory request was completed. (0x12B)
[0412/135931.444:ERROR:process_memory_win.cc(73)] ReadMemory at 0x220c150ec58 of 800 bytes failed: Only part of a ReadProcessMemory or WriteProcessMemory request was completed. (0x12B)
[0412/135931.444:ERROR:process_memory_win.cc(73)] ReadMemory at 0x220c150f438 of 512 bytes failed: Only part of a ReadProcessMemory or WriteProcessMemory request was completed. (0x12B)
[0412/135931.445:ERROR:process_memory_win.cc(73)] ReadMemory at 0x220c3380000 of 384 bytes failed: Only part of a ReadProcessMemory or WriteProcessMemory request was completed. (0x12B)
[0412/135931.445:ERROR:process_memory_win.cc(73)] ReadMemory at 0x220c33b6700 of 512 bytes failed: Only part of a ReadProcessMemory or WriteProcessMemory request was completed. (0x12B)
[0412/135931.445:ERROR:process_memory_win.cc(73)] ReadMemory at 0x220c44ff448 of 512 bytes failed: Only part of a ReadProcessMemory or WriteProcessMemory request was completed. (0x12B)
[0412/135931.445:ERROR:process_memory_win.cc(73)] ReadMemory at 0x220c454d850 of 512 bytes failed: Only part of a ReadProcessMemory or WriteProcessMemory request was completed. (0x12B)
[0412/135931.445:ERROR:process_memory_win.cc(73)] ReadMemory at 0x24c4d9f25d30 of 512 bytes failed: Only part of a ReadProcessMemory or WriteProcessMemory request was completed. (0x12B)
[0412/135931.445:ERROR:process_memory_win.cc(73)] ReadMemory at 0x7ff915a7038c of 512 bytes failed: Only part of a ReadProcessMemory or WriteProcessMemory request was completed. (0x12B)
[0412/135931.445:ERROR:process_memory_win.cc(73)] ReadMemory at 0x7ff916803bfb of 512 bytes failed: Only part of a ReadProcessMemory or WriteProcessMemory request was completed. (0x12B)
[0412/135931.445:ERROR:process_memory_win.cc(73)] ReadMemory at 0x7ff98c4db720 of 512 bytes failed: Only part of a ReadProcessMemory or WriteProcessMemory request was completed. (0x12B)
[0412/135931.445:ERROR:process_memory_win.cc(73)] ReadMemory at 0x7ff98e8dc0c4 of 672 bytes failed: Only part of a ReadProcessMemory or WriteProcessMemory request was completed. (0x12B)
[0412/135931.445:ERROR:process_memory_win.cc(73)] ReadMemory at 0x7ff98e8dc6c4 of 512 bytes failed: Only part of a ReadProcessMemory or WriteProcessMemory request was completed. (0x12B)
[0412/135931.445:ERROR:process_memory_win.cc(73)] ReadMemory at 0x7ff98e8df974 of 608 bytes failed: Only part of a ReadProcessMemory or WriteProcessMemory request was completed. (0x12B)
[0412/135931.445:ERROR:process_memory_win.cc(73)] ReadMemory at 0x7ff98e96c428 of 18 bytes failed: Only part of a ReadProcessMemory or WriteProcessMemory request was completed. (0x12B)
[0412/135931.445:ERROR:process_memory_win.cc(73)] ReadMemory at 0x7ff98e99f4f8 of 40 bytes failed: Only part of a ReadProcessMemory or WriteProcessMemory request was completed. (0x12B)
[0412/135931.445:ERROR:process_memory_win.cc(73)] ReadMemory at 0x7ff98e99f978 of 48 bytes failed: Only part of a ReadProcessMemory or WriteProcessMemory request was completed. (0x12B)
[0412/135931.445:ERROR:process_memory_win.cc(73)] ReadMemory at 0x7ff98e9a53c0 of 64 bytes failed: Only part of a ReadProcessMemory or WriteProcessMemory request was completed. (0x12B)
[0412/135931.448:ERROR:scoped_process_suspend.cc(40)] NtResumeProcess: An attempt was made to access an exiting process. (0xc000010a)
